SF:lib\domain\entities\category.dart
DA:14,2
DA:23,1
DA:24,7
LF:3
LH:3
end_of_record
SF:lib\domain\entities\collection.dart
DA:14,2
DA:22,4
DA:23,1
DA:24,1
DA:31,0
DA:32,0
DA:33,0
DA:34,0
DA:35,0
DA:36,0
DA:37,0
DA:38,0
LF:12
LH:4
end_of_record
SF:lib\domain\entities\habit.dart
DA:19,2
DA:29,4
DA:30,1
DA:31,1
DA:36,4
DA:37,1
DA:38,1
DA:45,0
DA:46,0
DA:47,0
DA:48,0
DA:49,0
DA:50,0
DA:51,0
DA:52,0
DA:53,0
DA:54,0
LF:17
LH:7
end_of_record
SF:lib\domain\entities\habit_log.dart
DA:11,1
DA:17,0
DA:18,0
LF:3
LH:1
end_of_record
SF:lib\domain\entities\level.dart
DA:18,2
DA:20,1
DA:21,2
DA:22,2
DA:23,2
LF:5
LH:5
end_of_record
SF:lib\domain\entities\notification.dart
DA:13,1
DA:21,1
DA:22,6
LF:3
LH:3
end_of_record
SF:lib\domain\entities\prayer_day.dart
DA:14,2
DA:24,1
DA:25,8
LF:3
LH:3
end_of_record
SF:lib\domain\entities\user.dart
DA:13,2
DA:21,1
DA:22,6
LF:3
LH:3
end_of_record
SF:lib\domain\entities\user_score.dart
DA:12,2
DA:19,4
DA:20,1
DA:21,1
DA:26,4
DA:27,1
DA:28,1
DA:35,1
DA:36,1
DA:37,1
DA:38,1
DA:39,1
DA:40,1
DA:41,1
LF:14
LH:14
end_of_record
SF:lib\domain\value_objects\category_id.dart
DA:6,4
DA:8,4
DA:9,8
DA:10,1
DA:12,4
DA:15,1
DA:16,2
DA:18,1
DA:19,1
LF:9
LH:9
end_of_record
SF:lib\domain\value_objects\collection_id.dart
DA:6,3
DA:8,3
DA:9,6
DA:10,1
DA:12,3
DA:15,1
DA:16,2
DA:18,1
DA:19,1
LF:9
LH:9
end_of_record
SF:lib\domain\value_objects\habit_id.dart
DA:6,4
DA:8,4
DA:9,8
DA:10,1
DA:12,4
DA:15,1
DA:16,2
DA:18,1
DA:19,1
LF:9
LH:9
end_of_record
SF:lib\domain\value_objects\habit_points.dart
DA:9,4
DA:10,16
DA:11,1
DA:12,1
DA:19,2
DA:20,4
LF:6
LH:6
end_of_record
SF:lib\domain\value_objects\non_empty_string.dart
DA:6,12
DA:7,12
DA:8,1
DA:12,2
DA:13,4
DA:15,0
DA:16,0
LF:7
LH:5
end_of_record
SF:lib\domain\value_objects\user_id.dart
DA:6,8
DA:8,8
DA:9,16
DA:10,1
DA:12,8
DA:15,2
DA:16,4
DA:18,1
DA:19,1
LF:9
LH:9
end_of_record
SF:lib\domain\use_cases\auth\delete_account_use_case.dart
DA:6,1
DA:8,3
LF:2
LH:2
end_of_record
SF:lib\domain\use_cases\auth\sign_in_use_case.dart
DA:6,1
DA:8,1
DA:9,2
LF:3
LH:3
end_of_record
SF:lib\domain\use_cases\auth\sign_out_use_case.dart
DA:5,1
DA:7,3
LF:2
LH:2
end_of_record
SF:lib\domain\use_cases\auth\sign_up_use_case.dart
DA:6,1
DA:8,1
DA:12,2
LF:3
LH:3
end_of_record
SF:lib\domain\use_cases\categories\create_category_use_case.dart
DA:7,1
DA:9,1
DA:10,2
LF:3
LH:3
end_of_record
SF:lib\domain\use_cases\categories\get_categories_use_case.dart
DA:7,1
DA:9,1
DA:10,2
LF:3
LH:3
end_of_record
SF:lib\domain\use_cases\collections\activate_collection_use_case.dart
DA:7,1
DA:9,1
DA:12,2
LF:3
LH:3
end_of_record
SF:lib\domain\use_cases\collections\create_collection_use_case.dart
DA:7,1
DA:9,1
DA:12,2
LF:3
LH:3
end_of_record
SF:lib\domain\use_cases\collections\get_collections_use_case.dart
DA:7,1
DA:9,1
DA:10,2
LF:3
LH:3
end_of_record
SF:lib\domain\use_cases\habits\create_habit_use_case.dart
DA:7,1
DA:9,1
DA:10,2
LF:3
LH:3
end_of_record
SF:lib\domain\use_cases\habits\delete_habit_use_case.dart
DA:6,1
DA:8,3
LF:2
LH:2
end_of_record
SF:lib\domain\use_cases\habits\get_habits_use_case.dart
DA:7,1
DA:9,3
LF:2
LH:2
end_of_record
SF:lib\domain\use_cases\habits\toggle_habit_log_use_case.dart
DA:7,1
DA:9,1
DA:14,2
LF:3
LH:3
end_of_record
SF:lib\domain\use_cases\habits\update_habit_use_case.dart
DA:6,1
DA:8,3
LF:2
LH:2
end_of_record
SF:lib\domain\use_cases\prayer\get_prayer_history_use_case.dart
DA:7,1
DA:9,1
DA:13,2
LF:3
LH:3
end_of_record
SF:lib\domain\use_cases\prayer\get_today_prayers_use_case.dart
DA:7,1
DA:9,3
LF:2
LH:2
end_of_record
SF:lib\domain\use_cases\prayer\mark_prayer_use_case.dart
DA:7,1
DA:9,1
DA:14,2
LF:3
LH:3
end_of_record
SF:lib\domain\use_cases\score\get_leaderboard_use_case.dart
DA:6,1
DA:8,1
DA:9,2
LF:3
LH:3
end_of_record
SF:lib\domain\use_cases\score\get_user_score_use_case.dart
DA:7,1
DA:9,3
LF:2
LH:2
end_of_record
SF:lib\domain\value_objects\percentage.dart
DA:6,1
DA:7,4
DA:8,1
DA:9,1
DA:16,1
DA:17,2
LF:6
LH:6
end_of_record
SF:lib\domain\value_objects\prayer_points.dart
DA:9,1
DA:10,4
DA:11,1
DA:12,1
DA:19,1
DA:20,2
LF:6
LH:6
end_of_record
